2018-11-03 21:12:59,061 WARN 6831 [-/127.0.0.1/-/16ms POST /api/v2/topics] missing csrf token. See https://eggjs.org/zh-cn/core/security.html#安全威胁csrf的防范
2018-11-03 21:12:59,063 WARN 6831 [-/127.0.0.1/-/18ms POST /api/v2/topics] nodejs.ForbiddenError: missing csrf token
    at Object.throw (/Users/tab/temp/egg-example/node_modules/koa/lib/context.js:96:11)
    at Object.assertCsrf (/Users/tab/temp/egg-example/node_modules/egg-security/app/extend/context.js:148:17)
    at csrf (/Users/tab/temp/egg-example/node_modules/egg-security/lib/middlewares/csrf.js:31:9)
    at dispatch (/Users/tab/temp/egg-example/node_modules/koa-compose/index.js:42:32)
    at /Users/tab/temp/egg-example/node_modules/koa-compose/index.js:34:12
    at dispatch (/Users/tab/temp/egg-example/node_modules/koa-compose/index.js:42:32)
    at session (/Users/tab/temp/egg-example/node_modules/koa-session/index.js:41:13)
    at dispatch (/Users/tab/temp/egg-example/node_modules/koa-compose/index.js:42:32)
    at overrideMethod (/Users/tab/temp/egg-example/node_modules/koa-override/index.js:38:12)
    at dispatch (/Users/tab/temp/egg-example/node_modules/koa-compose/index.js:42:32)
message: "missing csrf token"
pid: 6831
hostname: mpj-dev.local

2018-11-03 21:13:58,184 WARN 6860 [-/127.0.0.1/-/22ms POST /api/v2/topics] nodejs.UnprocessableEntityError: Validation Failed
    at Object.throw (/Users/tab/temp/egg-example/node_modules/koa/lib/context.js:96:11)
    at Object.validate (/Users/tab/temp/egg-example/node_modules/egg-validate/app/extend/context.js:14:17)
    at TopicController.create (/Users/tab/temp/egg-example/app/controller/topics.js:14:7)
    at Object.callFn (/Users/tab/temp/egg-example/node_modules/egg-core/lib/utils/index.js:36:21)
    at Object.classControllerMiddleware (/Users/tab/temp/egg-example/node_modules/egg-core/lib/loader/mixin/controller.js:87:20)
    at Object.callFn (/Users/tab/temp/egg-example/node_modules/egg-core/lib/utils/index.js:36:21)
    at wrappedController (/Users/tab/temp/egg-example/node_modules/egg-core/lib/utils/router.js:322:18)
    at dispatch (/Users/tab/temp/egg-example/node_modules/koa-router/node_modules/koa-compose/index.js:44:32)
    at next (/Users/tab/temp/egg-example/node_modules/koa-router/node_modules/koa-compose/index.js:45:18)
    at /Users/tab/temp/egg-example/node_modules/koa-router/lib/router.js:346:16
message: "Validation Failed"
code: "invalid_param"
errors: [{"message":"required","field":"accesstoken","code":"missing_field"},{"message":"required","field":"title","code":"missing_field"},{"message":"required","field":"tab","code":"missing_field"},{"message":"required","field":"content","code":"missing_field"}]
pid: 6860
hostname: mpj-dev.local

2018-11-03 21:16:19,524 WARN 6867 [-/127.0.0.1/-/1ms POST /api/v2/topics] nodejs.UnprocessableEntityError: Validation Failed
    at Object.throw (/Users/tab/temp/egg-example/node_modules/koa/lib/context.js:96:11)
    at Object.validate (/Users/tab/temp/egg-example/node_modules/egg-validate/app/extend/context.js:14:17)
    at TopicController.create (/Users/tab/temp/egg-example/app/controller/topics.js:13:7)
    at Object.callFn (/Users/tab/temp/egg-example/node_modules/egg-core/lib/utils/index.js:36:21)
    at Object.classControllerMiddleware (/Users/tab/temp/egg-example/node_modules/egg-core/lib/loader/mixin/controller.js:87:20)
    at Object.callFn (/Users/tab/temp/egg-example/node_modules/egg-core/lib/utils/index.js:36:21)
    at wrappedController (/Users/tab/temp/egg-example/node_modules/egg-core/lib/utils/router.js:322:18)
    at dispatch (/Users/tab/temp/egg-example/node_modules/koa-router/node_modules/koa-compose/index.js:44:32)
    at next (/Users/tab/temp/egg-example/node_modules/koa-router/node_modules/koa-compose/index.js:45:18)
    at /Users/tab/temp/egg-example/node_modules/koa-router/lib/router.js:346:16
message: "Validation Failed"
code: "invalid_param"
errors: [{"message":"required","field":"tab","code":"missing_field"}]
pid: 6867
hostname: mpj-dev.local

2018-11-03 21:17:51,336 WARN 6867 [-/127.0.0.1/-/0ms POST /api/v2/topics] nodejs.UnprocessableEntityError: Validation Failed
    at Object.throw (/Users/tab/temp/egg-example/node_modules/koa/lib/context.js:96:11)
    at Object.validate (/Users/tab/temp/egg-example/node_modules/egg-validate/app/extend/context.js:14:17)
    at TopicController.create (/Users/tab/temp/egg-example/app/controller/topics.js:13:7)
    at Object.callFn (/Users/tab/temp/egg-example/node_modules/egg-core/lib/utils/index.js:36:21)
    at Object.classControllerMiddleware (/Users/tab/temp/egg-example/node_modules/egg-core/lib/loader/mixin/controller.js:87:20)
    at Object.callFn (/Users/tab/temp/egg-example/node_modules/egg-core/lib/utils/index.js:36:21)
    at wrappedController (/Users/tab/temp/egg-example/node_modules/egg-core/lib/utils/router.js:322:18)
    at dispatch (/Users/tab/temp/egg-example/node_modules/koa-router/node_modules/koa-compose/index.js:44:32)
    at next (/Users/tab/temp/egg-example/node_modules/koa-router/node_modules/koa-compose/index.js:45:18)
    at /Users/tab/temp/egg-example/node_modules/koa-router/lib/router.js:346:16
message: "Validation Failed"
code: "invalid_param"
errors: [{"message":"required","field":"tab","code":"missing_field"}]
pid: 6867
hostname: mpj-dev.local

2018-11-03 21:21:14,409 WARN 6900 [-/127.0.0.1/-/345ms POST /api/v2/topics] nodejs.BadRequestError: 标题字数太多或太少
    at Object.throw (/Users/tab/temp/egg-example/node_modules/koa/lib/context.js:96:11)
    at TopicService.checkSuccess (/Users/tab/temp/egg-example/app/service/topics.js:28:18)
    at TopicService.create (/Users/tab/temp/egg-example/app/service/topics.js:17:8)
    at <anonymous>
    at process._tickCallback (internal/process/next_tick.js:188:7)
message: "标题字数太多或太少"
pid: 6900
hostname: mpj-dev.local

2018-11-04 07:50:42,047 WARN 8040 [-/127.0.0.1/-/363ms POST /api/v2/topics] nodejs.ForbiddenError: 频率限制：当前操作每天可以进行 7 次
    at Object.throw (/Users/tab/temp/egg-example/node_modules/koa/lib/context.js:96:11)
    at TopicService.checkSuccess (/Users/tab/temp/egg-example/app/service/topics.js:28:18)
    at TopicService.create (/Users/tab/temp/egg-example/app/service/topics.js:17:8)
    at <anonymous>
    at process._tickCallback (internal/process/next_tick.js:188:7)
message: "频率限制：当前操作每天可以进行 7 次"
pid: 8040
hostname: mpj-dev.local

